2024-12-15 23:23:41 INFO CafeManagerApp - Столик 1 занят.
2024-12-15 23:23:41 INFO CafeManagerApp - Столик 6 занят.
2024-12-15 23:23:42 DEBUG CafeManagerApp - Генерация текущей статистики...
2024-12-15 23:23:42 DEBUG CafeManagerApp - Генерация текущей статистики завершена.
2024-12-15 23:23:42 INFO CafeManagerApp - Открытие окна с статистикой: Текущая статистика
2024-12-15 23:23:52 DEBUG CafeManagerApp - Генерация архивной статистики...
2024-12-15 23:23:52 DEBUG CafeManagerApp - Генерация архивной статистики завершена.
2024-12-15 23:23:52 INFO CafeManagerApp - Открытие окна с статистикой: Архивная статистика
2024-12-15 23:24:25 INFO CafeManagerApp - Столик 2 занят.
2024-12-15 23:24:25 INFO CafeManagerApp - Столик 9 занят.
2024-12-15 23:24:27 INFO CafeManagerApp - Столик 6 освобожден.
2024-12-15 23:24:28 DEBUG CafeManagerApp - Генерация текущей статистики...
2024-12-15 23:24:28 DEBUG CafeManagerApp - Генерация текущей статистики завершена.
2024-12-15 23:24:28 INFO CafeManagerApp - Открытие окна с статистикой: Текущая статистика
2024-12-15 23:24:31 DEBUG CafeManagerApp - Генерация архивной статистики...
2024-12-15 23:24:31 DEBUG CafeManagerApp - Генерация архивной статистики завершена.
2024-12-15 23:24:31 INFO CafeManagerApp - Открытие окна с статистикой: Архивная статистика
2024-12-15 23:24:41 INFO CafeManagerApp - Столик 1 освобожден.
2024-12-15 23:25:04 DEBUG CafeManagerApp - Генерация архивной статистики...
2024-12-15 23:25:04 DEBUG CafeManagerApp - Генерация архивной статистики завершена.
2024-12-15 23:25:04 INFO CafeManagerApp - Открытие окна с статистикой: Архивная статистика
2024-12-15 23:25:12 DEBUG CafeManagerApp - Генерация текущей статистики...
2024-12-15 23:25:12 DEBUG CafeManagerApp - Генерация текущей статистики завершена.
2024-12-15 23:25:12 INFO CafeManagerApp - Открытие окна с статистикой: Текущая статистика
2024-12-15 23:25:22 DEBUG CafeManagerApp - Генерация текущей статистики...
2024-12-15 23:25:22 DEBUG CafeManagerApp - Генерация текущей статистики завершена.
2024-12-15 23:25:22 INFO CafeManagerApp - Открытие окна с статистикой: Текущая статистика
2024-12-15 23:25:47 DEBUG CafeManagerApp - Генерация текущей статистики...
2024-12-15 23:25:47 DEBUG CafeManagerApp - Генерация текущей статистики завершена.
2024-12-15 23:25:47 INFO CafeManagerApp - Открытие окна с статистикой: Текущая статистика
2024-12-15 23:25:54 DEBUG CafeManagerApp - Генерация архивной статистики...
2024-12-15 23:25:54 DEBUG CafeManagerApp - Генерация архивной статистики завершена.
2024-12-15 23:25:54 INFO CafeManagerApp - Открытие окна с статистикой: Архивная статистика
2024-12-15 23:26:09 DEBUG CafeManagerApp - Генерация текущей статистики...
2024-12-15 23:26:09 DEBUG CafeManagerApp - Генерация текущей статистики завершена.
2024-12-15 23:26:09 INFO CafeManagerApp - Открытие окна с статистикой: Текущая статистика
2024-12-15 23:26:13 DEBUG CafeManagerApp - Генерация текущей статистики...
2024-12-15 23:26:13 DEBUG CafeManagerApp - Генерация текущей статистики завершена.
2024-12-15 23:26:13 INFO CafeManagerApp - Открытие окна с статистикой: Текущая статистика
2024-12-15 23:26:18 DEBUG CafeManagerApp - Генерация текущей статистики...
2024-12-15 23:26:18 DEBUG CafeManagerApp - Генерация текущей статистики завершена.
2024-12-15 23:26:18 INFO CafeManagerApp - Открытие окна с статистикой: Текущая статистика
2024-12-15 23:26:20 DEBUG CafeManagerApp - Генерация текущей статистики...
2024-12-15 23:26:20 DEBUG CafeManagerApp - Генерация текущей статистики завершена.
2024-12-15 23:26:20 INFO CafeManagerApp - Открытие окна с статистикой: Текущая статистика
2024-12-15 23:26:21 DEBUG CafeManagerApp - Генерация текущей статистики...
2024-12-15 23:26:21 DEBUG CafeManagerApp - Генерация текущей статистики завершена.
2024-12-15 23:26:21 INFO CafeManagerApp - Открытие окна с статистикой: Текущая статистика
2024-12-15 23:26:23 DEBUG CafeManagerApp - Генерация текущей статистики...
2024-12-15 23:26:23 DEBUG CafeManagerApp - Генерация текущей статистики завершена.
2024-12-15 23:26:23 INFO CafeManagerApp - Открытие окна с статистикой: Текущая статистика
2024-12-15 23:26:26 DEBUG CafeManagerApp - Генерация текущей статистики...
2024-12-15 23:26:26 DEBUG CafeManagerApp - Генерация текущей статистики завершена.
2024-12-15 23:26:26 INFO CafeManagerApp - Открытие окна с статистикой: Текущая статистика
2024-12-15 23:26:30 INFO CafeManagerApp - Столик 2 освобожден.
2024-12-15 23:26:31 DEBUG CafeManagerApp - Генерация архивной статистики...
2024-12-15 23:26:31 DEBUG CafeManagerApp - Генерация архивной статистики завершена.
2024-12-15 23:26:31 INFO CafeManagerApp - Открытие окна с статистикой: Архивная статистика
2024-12-15 23:26:39 INFO CafeManagerApp - Столик 9 освобожден.
2024-12-15 23:26:41 INFO CafeManagerApp - Столик 4 занят.
2024-12-15 23:26:41 INFO CafeManagerApp - Столик 4 освобожден.
2024-12-15 23:26:41 INFO CafeManagerApp - Столик 4 занят.
2024-12-15 23:26:41 INFO CafeManagerApp - Столик 4 освобожден.
2024-12-15 23:26:41 INFO CafeManagerApp - Столик 4 занят.
2024-12-15 23:26:41 INFO CafeManagerApp - Столик 4 освобожден.
2024-12-15 23:26:42 INFO CafeManagerApp - Столик 4 занят.
2024-12-15 23:26:42 INFO CafeManagerApp - Столик 4 освобожден.
2024-12-15 23:26:42 INFO CafeManagerApp - Столик 4 занят.
2024-12-15 23:26:42 INFO CafeManagerApp - Столик 4 освобожден.
2024-12-15 23:26:42 INFO CafeManagerApp - Столик 4 занят.
2024-12-15 23:26:42 INFO CafeManagerApp - Столик 4 освобожден.
2024-12-15 23:26:42 INFO CafeManagerApp - Столик 4 занят.
2024-12-15 23:26:43 INFO CafeManagerApp - Столик 4 освобожден.
2024-12-15 23:26:43 INFO CafeManagerApp - Столик 4 занят.
2024-12-15 23:26:43 INFO CafeManagerApp - Столик 4 освобожден.
2024-12-15 23:26:44 DEBUG CafeManagerApp - Генерация архивной статистики...
2024-12-15 23:26:44 DEBUG CafeManagerApp - Генерация архивной статистики завершена.
2024-12-15 23:26:44 INFO CafeManagerApp - Открытие окна с статистикой: Архивная статистика
2024-12-15 23:28:38 INFO CafeManagerApp - Столик 1 занят.
2024-12-15 23:28:39 DEBUG CafeManagerApp - Генерация текущей статистики...
2024-12-15 23:28:39 DEBUG CafeManagerApp - Генерация текущей статистики завершена.
2024-12-15 23:28:39 INFO CafeManagerApp - Открытие окна с статистикой: Текущая статистика
2024-12-15 23:28:43 DEBUG CafeManagerApp - Генерация архивной статистики...
2024-12-15 23:28:43 DEBUG CafeManagerApp - Генерация архивной статистики завершена.
2024-12-15 23:28:43 INFO CafeManagerApp - Открытие окна с статистикой: Архивная статистика
2024-12-15 23:28:56 INFO CafeManagerApp - Столик 10 занят.
2024-12-15 23:30:49 INFO CafeManagerApp - Столик 10 освобожден.
2024-12-15 23:30:49 DEBUG CafeManagerApp - Генерация архивной статистики...
2024-12-15 23:30:49 DEBUG CafeManagerApp - Генерация архивной статистики завершена.
2024-12-15 23:30:49 INFO CafeManagerApp - Открытие окна с статистикой: Архивная статистика
2024-12-15 23:30:54 DEBUG CafeManagerApp - Генерация текущей статистики...
2024-12-15 23:30:54 DEBUG CafeManagerApp - Генерация текущей статистики завершена.
2024-12-15 23:30:54 INFO CafeManagerApp - Открытие окна с статистикой: Текущая статистика
2024-12-15 23:30:57 INFO CafeManagerApp - Столик 1 освобожден.
2024-12-15 23:30:57 DEBUG CafeManagerApp - Генерация архивной статистики...
2024-12-15 23:30:57 DEBUG CafeManagerApp - Генерация архивной статистики завершена.
2024-12-15 23:30:57 INFO CafeManagerApp - Открытие окна с статистикой: Архивная статистика
2024-12-16 13:20:33 INFO CafeManagerApp - Столик 1 занят.
2024-12-16 13:20:36 INFO CafeManagerApp - Столик 6 занят.
2024-12-16 13:20:36 INFO CafeManagerApp - Столик 5 занят.
2024-12-16 13:20:38 INFO CafeManagerApp - Столик 10 занят.
2024-12-16 13:22:00 DEBUG CafeManagerApp - Генерация текущей статистики...
2024-12-16 13:22:00 DEBUG CafeManagerApp - Генерация текущей статистики завершена.
2024-12-16 13:22:00 INFO CafeManagerApp - Открытие окна с статистикой: Текущая статистика
2024-12-16 13:22:01 DEBUG CafeManagerApp - Генерация архивной статистики...
2024-12-16 13:22:01 DEBUG CafeManagerApp - Генерация архивной статистики завершена.
2024-12-16 13:22:01 INFO CafeManagerApp - Открытие окна с статистикой: Архивная статистика
2024-12-16 13:25:58 DEBUG CafeManagerApp - Генерация текущей статистики...
2024-12-16 13:25:58 DEBUG CafeManagerApp - Генерация текущей статистики завершена.
2024-12-16 13:25:58 INFO CafeManagerApp - Открытие окна с статистикой: Текущая статистика
2024-12-16 13:26:02 DEBUG CafeManagerApp - Генерация архивной статистики...
2024-12-16 13:26:02 DEBUG CafeManagerApp - Генерация архивной статистики завершена.
2024-12-16 13:26:02 INFO CafeManagerApp - Открытие окна с статистикой: Архивная статистика
2024-12-16 13:27:23 INFO CafeManagerApp - Столик 10 освобожден.
2024-12-16 13:27:24 INFO CafeManagerApp - Столик 5 освобожден.
2024-12-16 13:27:29 DEBUG CafeManagerApp - Генерация архивной статистики...
2024-12-16 13:27:29 DEBUG CafeManagerApp - Генерация архивной статистики завершена.
2024-12-16 13:27:29 INFO CafeManagerApp - Открытие окна с статистикой: Архивная статистика
2024-12-16 15:06:58 INFO CafeManagerApp - Столик 1 занят.
2024-12-16 15:07:00 INFO CafeManagerApp - Столик 1 освобожден.
2024-12-16 15:08:06 INFO CafeManagerApp - Столик 1 занят.
2024-12-16 15:08:09 INFO CafeManagerApp - Столик 2 занят.
2024-12-16 15:08:10 INFO CafeManagerApp - Столик 6 занят.
2024-12-16 15:08:10 INFO CafeManagerApp - Столик 7 занят.
2024-12-16 15:08:10 INFO CafeManagerApp - Столик 3 занят.
2024-12-16 15:08:11 INFO CafeManagerApp - Столик 8 занят.
2024-12-16 15:08:11 INFO CafeManagerApp - Столик 4 занят.
2024-12-16 15:16:45 INFO CafeManagerApp - Столик 7 освобожден.
2024-12-16 15:16:46 INFO CafeManagerApp - Столик 2 освобожден.
2024-12-16 15:16:46 INFO CafeManagerApp - Столик 3 освобожден.
2024-12-16 15:16:47 INFO CafeManagerApp - Столик 8 освобожден.
2024-12-16 15:16:48 INFO CafeManagerApp - Столик 4 освобожден.
2024-12-16 15:16:48 INFO CafeManagerApp - Столик 1 освобожден.
2024-12-16 15:16:49 INFO CafeManagerApp - Столик 6 освобожден.
2024-12-16 15:16:51 DEBUG CafeManagerApp - Генерация архивной статистики...
2024-12-16 15:16:51 DEBUG CafeManagerApp - Генерация архивной статистики завершена.
2024-12-16 15:16:51 INFO CafeManagerApp - Открытие окна с статистикой: Архивная статистика
2024-12-16 16:36:21 INFO CafeManagerApp - Столик 1 занят.
2024-12-16 16:57:07 DEBUG CafeManagerApp - Генерация текущей статистики...
2024-12-16 16:57:07 DEBUG CafeManagerApp - Генерация текущей статистики завершена.
2024-12-16 16:57:07 INFO CafeManagerApp - Открытие окна с статистикой: Текущая статистика
